0 info it worked if it ends with ok
1 verbose cli [ '/comptes/E113209D/Documents/Library/nodejs/bin/node',
1 verbose cli   '/comptes/E113209D/Documents/Library/nodejs/bin/npm',
1 verbose cli   'run',
1 verbose cli   'build' ]
2 info using npm@3.7.3
3 info using node@v5.9.1
4 verbose run-script [ 'prebuild', 'build', 'postbuild' ]
5 info lifecycle spray-wrtc@0.1.1~prebuild: spray-wrtc@0.1.1
6 silly lifecycle spray-wrtc@0.1.1~prebuild: no script for prebuild, continuing
7 info lifecycle spray-wrtc@0.1.1~build: spray-wrtc@0.1.1
8 verbose lifecycle spray-wrtc@0.1.1~build: unsafe-perm in lifecycle true
9 verbose lifecycle spray-wrtc@0.1.1~build: PATH: /comptes/E113209D/Documents/Library/nodejs/lib/node_modules/npm/bin/node-gyp-bin:/comptes/E113209D/Documents/Github/foglet/external-lib/spray-wrtc/node_modules/.bin:/comptes/E113209D/Documents/Library/nodejs/bin:/comptes/E113209D/Documents/Library/nodejs/lib/node_modules/npm/bin/node-gyp-bin:/comptes/E113209D/Documents/Github/foglet/node_modules/.bin:/comptes/E113209D/Documents/Library/nodejs/bin:/comptes/E113209D/Documents/Library/nodejs/lib/node_modules/npm/bin/node-gyp-bin:/comptes/E113209D/Documents/Github/foglet/node_modules/.bin:/comptes/E113209D/Documents/Library/nodejs/bin:/comptes/E113209D/Documents/Library/pig-0.16.0/bin:/usr/local/sbin:/usr/local/bin:/usr/sbin:/usr/bin:/sbin:/bin:/usr/games:/usr/local/games:/usr/local/opt/matlab/R2014a/bin:/usr/local/opt/Oxygen/16.1:/usr/local/opt/Client_oracle:/usr/local/opt/Mars:/usr/local/opt/logisim:/usr/local/opt/sqldeveloper:/usr/local/opt/ArgoUML:/usr/local/opt/Chipmunk/bin:/usr/local/opt/Maple/9/bin:/usr/lib/gmt/bin:/usr/local/opt/xenomai/bin:/usr/local/opt/maven/bin:/opt/atelierb-4.2:/usr/local/opt/ProB:/usr/local/opt/rodin:/usr/local/opt/cadp/bin.iX86:/usr/local/opt/cadp/com:/usr/local/opt/fmj:/usr/local/opt/sagemath:/usr/local/opt/open-cobol/bin:/usr/local/opt/TOS-DI:/usr/local/opt/protege:/usr/local/opt/SmartEiffel/bin:/usr/local/opt/Modelio:/usr/local/opt/pellet:/usr/local/opt/cwm:/usr/local/opt/quartus/13.0.0.156/quartus/bin:/usr/local/opt/silvaco/bin:/opt/moses/bin:/usr/local/opt/srilm/bin:/usr/local/opt/minizinc/bin:/usr/local/opt/bluegriffon:/usr/local/opt/quartus/13.0.0.156/modelsim_ase/bin/vsim:/usr/local/opt/sam_1.3/bin:/usr/local/opt/edirect:/usr/local/opt/julia/bin:~/Documents/Library/nodejs/bin:~/Documents/Library/mongodb/bin:/media/D1/clang/clang+llvm-3.9.0-x86_64-linux-gnu-ubuntu-14.04/bin:~/Document/Library/nodejs/bin
10 verbose lifecycle spray-wrtc@0.1.1~build: CWD: /comptes/E113209D/Documents/Github/foglet/external-lib/spray-wrtc
11 silly lifecycle spray-wrtc@0.1.1~build: Args: [ '-c',
11 silly lifecycle   'browserify -r ./lib/spray.js:spray-wrtc | uglifyjs > build/spray-wrtc.bundle.js' ]
12 silly lifecycle spray-wrtc@0.1.1~build: Returned: code: 1  signal: null
13 info lifecycle spray-wrtc@0.1.1~build: Failed to exec build script
14 verbose stack Error: spray-wrtc@0.1.1 build: `browserify -r ./lib/spray.js:spray-wrtc | uglifyjs > build/spray-wrtc.bundle.js`
14 verbose stack Exit status 1
14 verbose stack     at EventEmitter.<anonymous> (/comptes/E113209D/Documents/Library/nodejs/lib/node_modules/npm/lib/utils/lifecycle.js:239:16)
14 verbose stack     at emitTwo (events.js:100:13)
14 verbose stack     at EventEmitter.emit (events.js:185:7)
14 verbose stack     at ChildProcess.<anonymous> (/comptes/E113209D/Documents/Library/nodejs/lib/node_modules/npm/lib/utils/spawn.js:24:14)
14 verbose stack     at emitTwo (events.js:100:13)
14 verbose stack     at ChildProcess.emit (events.js:185:7)
14 verbose stack     at maybeClose (internal/child_process.js:850:16)
14 verbose stack     at Process.ChildProcess._handle.onexit (internal/child_process.js:215:5)
15 verbose pkgid spray-wrtc@0.1.1
16 verbose cwd /comptes/E113209D/Documents/Github/foglet/external-lib/spray-wrtc
17 error Linux 3.13.0-57-generic
18 error argv "/comptes/E113209D/Documents/Library/nodejs/bin/node" "/comptes/E113209D/Documents/Library/nodejs/bin/npm" "run" "build"
19 error node v5.9.1
20 error npm  v3.7.3
21 error code ELIFECYCLE
22 error spray-wrtc@0.1.1 build: `browserify -r ./lib/spray.js:spray-wrtc | uglifyjs > build/spray-wrtc.bundle.js`
22 error Exit status 1
23 error Failed at the spray-wrtc@0.1.1 build script 'browserify -r ./lib/spray.js:spray-wrtc | uglifyjs > build/spray-wrtc.bundle.js'.
23 error Make sure you have the latest version of node.js and npm installed.
23 error If you do, this is most likely a problem with the spray-wrtc package,
23 error not with npm itself.
23 error Tell the author that this fails on your system:
23 error     browserify -r ./lib/spray.js:spray-wrtc | uglifyjs > build/spray-wrtc.bundle.js
23 error You can get information on how to open an issue for this project with:
23 error     npm bugs spray-wrtc
23 error Or if that isn't available, you can get their info via:
23 error     npm owner ls spray-wrtc
23 error There is likely additional logging output above.
24 verbose exit [ 1, true ]
